[    .000000] Initializing cgroup subsys cpuset
[    0.000000] Initializing group subsys cpu
[    0.000000] Initializing cgroup subsys cpuacct
[    0.000000] Linux version 4.4.0-134-generic (buildd@lgw01-amd64-033 (gcc version 5.4.0 20160609 (Ubuntu 5.4.0-6ubuntu1~16.04.10) ) #160-Ubuntu SMP Wed Aug 15 14:58:00 UTC 2018 (Ubuntu 4.4.0-134.160-generic 4.4.140)
[    0.000000] Command line: BOOT_IMAGE=/boot/vmlinuz-4.4.0-134-generic root=LABEL=cloudimg-rootfs ro console=tty1 console=ttyS0
[    0.000000] KERNEL supported cpus:
[    0.000000]   Intel GenuineIntel
[    0.000000]   AMD AuthenticAMD
[    0.000000]   Centaur CentaurHauls
[    0.000000] x86/fpu: xstate_offset[2]:  576, xstate_sizes[2]:  256
[    0.000000] x86/fpu: Supporting XSAVE feature 0x01: 'x87 floating point registers'
[    0.000000] x86/fpu: Supporting XSAVE feature 0x02: 'SSE registers'
[    0.000000] x86/fpu: Supporting XSAVE feature 0x04: 'AVX registers'
[    0.000000] x86/fpu: Enabled xstate features 0x7, context size is 832 bytes, using 'standard' format.
[    0.000000] e820: BIOS-provided physical RAM map:
[    0.000000] BIOS-e820: [mem 0x0000000000000000-0x000000000009fbff] usable
[    0.000000] BIOS-e820: [mem 0x000000000009fc00-0x000000000009ffff] reseved
[    0.000000] BIOS-e820: [mem 0x00000000000f0000-0x00000000000fffff] reserved
[    0.000000] BIOS-e820: [mem 0x0000000000100000-0x000000003ffeffff] usable
[    0.000000] BIOS-e820: [mem 0x000000003fff0000-0x000000003fffffff] ACPI data
[    0.000000] BIOS-e820: [mem 0x00000000fec00000-0x00000000fec00fff] reserved
[    0.000000] BIOS-e820: [mem 0x00000000fee00000-0x00000000fee00fff] reserved
[    0.000000] BIOS-e820: [mem 0x00000000fffc0000-0x00000000ffffffff] reserved
[    0.000000] NX (Execute Disable) protection: active
[    0.000000] SMBIOS 2.5 present.
[    0.000000] Hypervisor detected: KVM
[    .000000] e820: last_pfn = 0x3fff0 max_arch_pfn = 0x400000000
[    0.000000] MTRR: Disabled
[    0.000000] x86/PAT: MTRRs disabled, skipping PAT initialization too.
[    0.000000] CPU MTRRs all blank - virtualized system.
[    0.000000] x86/PAT: Configuration [0-7]: WB  WT  UC- UC  WB  WT  UC- UC  
[    0.000000] found SMP MP-table at [mem 0x0009fff0-0x0009ffff] mapped at [ffff88000009fff0]
[    0.000000] canning 1 areas for low memory corruption
[    0.000000] RAMDISK: [mem 0x3630c000-0x3717dfff]
[    0.000000] ACPI: Early table checksum verification disabled
[    0.000000] ACPI: RSDP 0x00000000000E0000 000024 (v02 VBOX  )
[    0.000000] ACPI: XSDT 0x000000003FFF0030 00003C (01 VBOX   VBOXXSDT 00000001 ASL  00000061)
[    0.000000] ACPI: FACP 0x000000003FFF00F0 0000F4 (v04 VBOX   VBOXFACP 00000001 ASL  00000061)
[    0.000000] ACPI: DSDT 0x000000003FFF0470 0021FF (v02 VBOX   VBOXBIOS 00000002 INTL 20100528)
[    0.000000] ACPI: FACS 0x000000003FFF0200 000040
[    0.000000] ACPI: FACS 0x000000003FFF0200 000040
[    0.000000] ACPI: APIC 0x000000003FFF0240 00005C (v02 VBOX   VBOXAPIC 00000001 ASL  00000061)
[    0.000000] ACPI: SSDT 0x000000003FFF02A0 0001CC (v01 VBOX   VBOXCPUT 00000002 INTL 20100528)
[    0.000000] No NUMA configuration found
[    0.000000] Faking a node at [mem 0x0000000000000000-0x000000003ffeffff]
[    0.000000] NODE_DATA(0) allocated [mem 0x3ffeb000-0x3ffeffff]
[    0.000000] kvm-clock: Using msrs 4b564d01 and 4b564d00
[    0.000000] kvm-clock: cpu 0, msr 0:3ffe3001, primary cpu clock
[    0.000000] kvm-clock: using sched offset of 4677545848 cycles
[    0.000000] clocksource: kvm-clock: mask: 0xffffffffffffffff max_cycles: 0x1cd42e4dffb, max_idle_ns: 881590591483 ns
[    0.000000] Zone ranges:
[    0.00000]   DMA      [mem 0x0000000000001000-0x0000000000ffffff]
[    0.000000]   DMA32    [mem 0x0000000001000000-0x000000003ffeffff]
[    0.000000]   Normal   empty
[    0.000000]   Device   empty
[    0.000000] Movable zone start for each node
[    0.000000] Early memory node ranges
[    000000]   node   0: [mem 0x0000000000001000-0x000000000009efff]
[    0.000000]   node   0: [mem x0000000000100000-0x000000003ffeffff]
[    0.000000] Initmem setup node 0 [mem 0x0000000000001000-0x000000003ffeffff]
[    0.000000] ACPI: PM-Timer IO Port: 0x4008
[    0.000000] IOAPIC[0]: apic_id 2, version 32, address 0xfec00000, GSI 0-23
[   0.000000] ACPI: INT_SRC_OVR (bus 0 bus_irq 0 global_irq 2 dfl dfl)
[    0.000000] ACPI: INT_SRC_OVR (bus 0 bus_irq 9 global_irq 9 low level)
[    0.000000] Using ACPI (MADT) for SMP configuration information
[    0.000000] smpboot: Allowing 2 CPUs, 0 hotplug CPUs
[    0.000000] PM: Registered nosave memory [mem 0x00000000-0x00000fff]
[    0.000000] PM: Registered nosave memory: [mem 0x0009f000-0x009ffff]
[    0.000000] PM: Registered nosave memory: [mem 0x000a0000-0x000effff]
[    0.000000] PM: Registered nosave memory: [mem 0x000f0000-0x000fffff]
[    0.000000] e820: [mem 0x40000000-0xfebfffff] available for PCI devices
[    0.000000] Booting paravirtualized kernel on KVM
[    0.000000] clocksource: refinedd-jiffies: mask: 0xffffffff max_cycles: 0xffffffff, max_idle_ns: 7645519600211568 ns
[    0.000000] setup_percpu: NR_CPUS:512 nr_cpumask_bits:512 nr_cpu_ids:2 nr_node_ids:1
[    0.000000] PERCPU: Embedded 34 pages/cpu @ffff88003fc00000 s99544 r8192 d31528 u1048576
[    0.000000] PV qspinlock hash table entries: 256 (order: 0, 4096 bytes)
[    0.000000] Built 1 zonelists in Node order, mobility grouping on.  Total pages: 257912
[    0.000000] Policy zone: DMA32
[    0.000000] Kernel command line: BOOT_IMAGE=/boot/vmlinuz-4.4.0-134-generic root=LABEL=cloudimrootfs ro console=tty1 console=ttyS0
[    0.0000000] PID hash table entries: 4096 (order: 3, 32768 bytes)
[    0.000000] Memory: 997724K/104812K available (8554K kernel code, 1314K rwdata, 4004K rodata, 1516 iniit, 1316K bss, 50396K reserved, 0K cma-reserved)
[    .000000] SLUB: HWalign=64, Order=0-3, MinObjects=0, CPUs=2, Nodes=1
[    0.000000] Kernel/User page tables isolation: enabled
[    0.000000] Hierarchical RCU implementation.
[    0.000000] 	Build-time adjustment of leaf fanout to 64.
[    0.000000] 	RCU restricting CPUs from NR_CPUS=512 to nr_cpu_ids=2.
[    0.000000] RCU: Adjusting geometry for rcu_fanout_leaf=64, nr_cpu_ids=2
[    0.000000] NR_IRQS:33024 nr_irqs:440 16
[    0.000000] Console: colour VGA+ 80x25
[    0.000000] console [tty1] enabled
[    0.000000] console [ttyS0] enabled
[    0.000000] tsc: Detected 1599.999 MHz processor
[   1.062135] Calibrating delay loop (skipped) preset value.. 3199.99 BogoMIPS (lpj=6399996)
[    1.091142] pid_max: default: 32768 minimum: 301
[    1.105593] ACPI: Core revision 20150930
[    1.114129] ACPI: 2 ACPI AML tables successfully acquired and loaded
[    1.116993] Security Framework initialized
[    1.125921] Yama: becoming mindful.
[    1.133088] AppArmor: AppArmor initialized
[    1.134450] Dentry cache hash table entries: 131072 (order: 8, 1048576 bytes)
[    1.161545] Inode-cache hash table entries: 65536 (order: 7, 524288 bytes)
[    1.165204] Mount-cache hash table entries: 2048 (order: 2, 16384 bytes)
[    1.169735] Mountpoint-cache hash table entries: 2048 (order: 2, 16384 bytes)
[    1.171999] Initializing cgroup subsys io
[    1.173306] Initializing cgroup subsys memory
[    1.175135] Initializing cgroup subsys devices
[    1.181435] Initializing cgroup subsys freezer
[    1.192193] Initializing cgroup subsys net_cls
[    1.198623] Initializing cgroup subsys perf_event
[    1.208412] Initializing cgroup subsys net_prio
[    1.218285] Initializing cgroup subsys hugetlb
[    1.219966] Initializing cgroup subsys pids
[    1.228714] mce: CPU supports 0 MCE banks
[    1.230813] Last level iTLB entries: 4KB 64, 2MB 8, 4MB 8
[    1.233958] Last level dTLB entries: 4KB 64, 2MB 0, 4MB 0, 1GB 4
[    1.238456] Spectre V2 : Mitigation: Full generic retpoline
[    1.240360] Spectre V2 : Speculation control IBPB not-supported IBRS not-supported
[    1.247185] Speculative Store Bypass: Vulnerable
[    1.260032] Freeing SMP alternatives memory: 32K
[    1.307923] ftrace: allocating 32266 entries in 127 pages
[    1.434048] smpboot: APIC(0) Converting physical 0 to logical package 0
[    1.507492] smpboot: Max logical packages: 1
[    1.523055] x2apic enabled
[    1.525758] Switched APIC routing to physical x2apic.
[    1.529411] ..TIMER: vector=0x30 apic1=0 pin1=2 apic2=-1 pin2=-1
[    1.640954] smpboot: CPU0: Intel(R) Core(TM) i5-5250U CPU @ 1.60GHz (family: 0x6, model: 0x3d, stepping: 0x4)
[    1.661734] Performance Events: unsupported p6 CPU model 61 no PMU driver, software events only.
[    1.670813] KVM setup paravirtual spinlock
[    1.675652] x86: Booting SMP configuration:
[    1.679190] .... node  #0, CPUs:      #1
[    1.690976] kvm-clock: cpu 1, msr 0:3ffe3041, secondary cpu clock
[    1.699876] mce: CPU supports 0 MCE banks
[    1.703472] x86: Booted up 1 node, 2 CPUs
[    1.705563] smpboot: Total of 2 processors activated (6399.99 BogoMIPS)
[    1.737058] devtmpfs: initialized
[    1.746057] evm: security.selinux
[    1.752286] evm: security.SMACK64
[    1.770756] evm: security.SMACK64EXEC
[    1.780368] evm: security.SMACK64TRANSMUTE
[    1.784499] evm: security.SMACK64MMAP
[    1.787064] evm: security.ima
[    1.796397] evm: security.capability
[    1.799839] clocksource: jiffies: mask: 0xffffffff max_cycles: 0xffffffff, max_idle_ns: 7645041785100000 ns
[    1.804780] futex hash table entries: 512 (order: 3, 32768 bytes)
[    1.807281] pinctrl core: initialized pinctrl subsystem
[    1.813092] RTC time:  8:15:24, date: 09/17/18
[    1.827634] NET: Registered protocol family 16
[    1.845736] cpuidle: using governor ladder
[    1.862064] cpuidle: using governor menu
[    1.863710] PCCT header not found.
[    1.866442] ACPI: bus type PCI registered
[    1.867633] acpiphp: ACPI Hot Plug PCI Controller Driver version: 0.5
[    1.877388] PCI: Using configuration type 1 for base access
[    1.899137] ACPI: Added _OSI(Module Device)
[    1.900931] ACPI: Added _OSI(Processor Device)
[    1.902492] ACPI: Added _OSI(3.0 _SCP Extensions)
[    1.912274] ACPI: Added _OSI(Processor Aggregator Device)
[    1.919850] ACPI: Executed 1 blocks of module-level executable AML code
[    1.929986] ACPI: Interpreter enabled
[    1.933211] ACPI: (supports S0 S5)
[    1.937815] ACPI: Using IOAPIC for interrupt routing
[    1.941307] PCI: Using host bridge windows from ACPI; if necessary, use "pci=nocrs" and report a bug
[    1.954027] ACPI: PCI Root Bridge [PCI0] (domain 0000 [bus 00-ff])
[    1.955838] acpi PNP0A03:00: _OSC: OS supports [ASPM ClockPM Segments MSI]
[    1.960465] acpi PNP0A03:00: _OSC: not requesting OS control; OS requires [ExtendedConfig ASPM ClockPM MSI]
[    1.964762] acpi PNP0A03:00: fail to add MMCONFIG information, can't access extended PCI configuration space under this bridge.
[    1.972836] PCI host bridge to bus 0000:00
[    1.976585] pci_bus 0000:00: root bus resource [io  0x0000-0x0cf7 window]
[    1.978777] pci_bus 0000:00: root bus resource [io  0x0d00-0xffff window]
[    1.981372] pci_bus 0000:00: root bus resource [mem 0x000a0000-0x000bffff window]
[    1.987481] pci_bus 0000:00: root bus resource [mem 0x40000000-0xfdffffff window]
[    1.994538] pci_bus 0000:00: root bus resource [bus 00-ff]
[    2.002542] pci 0000:00:01.1: legacy IDE quirk: reg 0x10: [io  0x01f0-0x01f7]
[    2.007004] pci 0000:00:01.1: legacy IDE quirk: reg 0x14: [io  0x03f6]
[    2.011982] pci 0000:00:01.1: legacy IDE quirk: reg 0x18: [io  0x0170-0x0177]
[    2.014164] pci 0000:00:01.1: legacy IDE quirk: reg 0x1c: [io  0x0376]
[    2.065767] pci 0000:00:07.0: quirk: [io  0x4000-0x403f] claimed by PIIX4 ACPI
[    2.217700] pci 0000:00:07.0: quirk: [io  0x4100-0x410f] claimed by PIIX4 SMB
[    2.295958] ACPI: PCI Interrupt Link [LNKA] (IRQs 5 9 10 *11)
[    2.299919] ACPI: PCI Interrupt Link [LNKB] (IRQs 5 9 *10 11)
[    2.303429] ACPI: PCI Interrupt Link [LNKC] (IRQs 5 *9 10 11)
[    2.307604] ACPI: PCI Interrupt Link [LNKD] (IRQs 5 9 10 *11)
[    2.312114] ACPI: Enabled 2 GPEs in block 00 to 07
[    2.316521] vgaarb: setting as boot device: PCI:0000:00:02.0
[    2.321670] vgaarb: device added: PCI:0000:00:02.0,decodes=io+mem,owns=io+mem,locks=none
[    2.326743] vgaarb: loaded
[    2.329576] vgaarb: bridge control possible 0000:00:02.0
[    2.331449] SCSI subsystem initialized
[    2.333759] ACPI: bus type USB registered
[    2.337826] usbcore: registered new interface driver usbfs
[    2.342879] usbcore: registered new interface driver hub
[    2.352920] usbcore: registered new device driver usb
[    2.356978] PCI: Using ACPI for IRQ routing
[    2.359194] NetLabel: Initializing
[    2.362383] NetLabel:  domain hash size = 128
[    2.364098] NetLabel:  protocols = UNLABELED CIPSOv4
[    2.365842] NetLabel:  unlabeled traffic allowed by default
[    2.368919] amd_nb: Cannot enumerate AMD northbridges
[    2.371180] clocksource: Switched to clocksource kvm-clock
[    2.387883] AppArmor: AppArmor Filesystem Enabled
[    2.390639] pnp: PnP ACPI init
[    2.402093] pnp: PnP ACPI: found 3 devices
[    2.4160] clocksource: acpi_pm: mask: 0xffffff max_cycles: 0xffffff, max_idle_ns: 2085701024 ns
[    2.487085] NET: Registered protocol family 2

[    2.489419] TCP established hash table entries: 8192 (order: 4, 65536 bytes)
[    .493347] TCP bind hash table entries: 8192 (order: 5, 13072 bytes)
[    2.555149] TCP: Hash tables configured (established 8192 bind 8192)
[    2.55899 UDP hash table entries: 512 (order: 2, 16384 bytes)
[    2.623674] UDP-Lite hash table entries 512 (order: 2, 16384 bytes)
[    2.658148] NET: Registered protocol family 1
[    2.660049] pci 0000:00:00.0: Limiting direct PCI/PCI transfers
[  2.661956] pci 0000:00:01.0: Activating ISA DMA hang workarounds
[    2.725967] Unpacking nitramfs...

[    3.214283] Freeing initrd memory: 14792K
[    3.215795] RAPL PMU detected, API unit is 2^-32 Joules, 4 fixed counters 10737418240 ms ovfl timer
[    3.219769] hw unit of domain pp0-core 2^-0 Joules
[    3.221416] hw unit of domain package 2^-0 Joules
[    3.223344] hw unit of domain dram 2^-0 Joules
[    3.232665] hw unit of domain pp1-gpu 2^-0 Joules
[    3.238504] platform rtc_cmos: registered platform RTC device (no PNP device found)
[    3.250236] Scanning for low memory corruption every 60 seconds
[    3.253288] audit: initializing netlink subsys (disabled)
[    3.256140] audit: type=2000 audit(1537172130.478:1): initialized
[    3.265323] Initialise system trusted keyring
[    3.269211] HugeTLB registered 2 MB page size, pre-allocated 0 pages
[    3.273466] zbud: loaded
[    3.275848] VFS: Disk quotas dquot_6.6.0
[    3.278666] VFS: Dquot-cache hash table entries: 512 (order 0, 4096 bytes)
[    3.281521] squashfs: version 4.0 (2009/01/31) Phillip Lougher
[    3.289754] fuse init (API version 7.23)
[    3.291166] Key type big_key registered
[    3.293231] Allocating IMA MOK and blacklist keyrings.
[    3.298251] Key type asymmetric registered
[    3.300719] Asymmetric key parser 'x509' registered
[    3.302116] Block layer SCSI generic (bsg) driver version 0.4 loaded (major 249)
[    3.319436] io scheduler noop registered
[    3.325498] io scheduler deadline registered (default)
[    3.327060] io scheduler cfq registered
[    3.330608] pci_hotplug: PCI Hot Plug PCI Core version: 0.5
[    3.337829] pciehp: PCI Express Hot Plug Controller Driver version: 0.4
[    3.343752] ACPI: AC Adapter [AC] (off-line)
[    3.357297] input: Power Button as /devices/LNXSYSTM:00/LNXPWRBN:00/input/input0
[    3.360877] ACPI: Power Button [PWRF]
[    3.368630] input: Sleep Button as /devices/LNXSYSTM:00/LNXSLPBN:00/input/input1
[    3.375990] ACPI: Sleep Button [SLPF]
[    3.377459] GHES: HEST is not enabled!
[    3.379239] ACPI: Battery Slot [BAT0] (battery present)
[    3.393030] Serial: 8250/16550 driver, 32 ports, IRQ sharing enabled
[    3.436246] 00:02: ttyS0 at I/O 0x3f8 (irq = 4, base_baud = 115200) is a 16550A
[    3.442725] Linux agpgart interface v0.103
[    3.447563] loop: module loaded
[    3.464740] scsi host0: ata_piix
[    3.468545] scsi host1: ata_piix
[    3.475427] ata1: PATA max UDMA/33 cmd 0x1f0 ctl 0x3f6 bmdma 0xd000 irq 14
[    3.477279] ata2: PATA max UDMA/33 cmd 0x170 ctl 0x376 bmdma 0xd008 irq 15
[    3.485152] libphy: Fixed MDIO Bus: probed
[    3.486855] tun: Universal TUN/TAP device drier, 1.6
[    3.523542] tun: (C) 1999-2004 Max Krasnyansky maxk@qualcomm.com>
[   3.557580] PPP generic driver version 2.4.2

[    3.590788] ehci_hcd: USB 2.0 'Enhanced' Host Controller (EHCI) Driver
[    3.592614] ehci-pci: EHCI PCI platform driver
[    3.594037] ehci-platform: EHCI generic platform driver
[    3.598707] ohci_hcd: USB 1.1 'Open' Host Controller (OHCI) Driver
[    3.602539] ohci-pci: OHCI PCI platform driver
[    3.604431] ohci-platform: OHCI generic platform driver
[    3.606962] uhci_hcd: USB Universal Host Controller Interface driver
[    3.610416] i8042: PNP: PS/2 Controller [PNP0303:PS2K,PNP0f03:PS2M] at 0x60,0x64 irq 1,12
[    3.615802] serio: i8042 KBD port at 0x60,0x64 irq 1
[    3.618599] serio: i8042 AUX port at 0x60,0x64 irq 12
[    3.620199] mousedev: PS/2 mouse device common for all mice
[    3.630923] input: AT Translated Set 2 keyboard as /devices/platform/i8042/serio0/input/input2
[    3.635808] rtc_cmos rtc_cmos: rtc core: registered rtc_cmos as rtc0
[    3.646283] rtc_cmos rtc_cmos: alarms up to one day, 114 bytes nvram
[    3.660417] i2c /dev entries driver
[    3.668386] device-mapper: uevent: version 1.0.3
[    3.670972] device-mapper: ioctl: 4.34.0-ioctl (2015-10-28) initialised: dm-devel@redhat.com
[    3.680072] ledtrig-cpu: registered to indicate activity on CPUs
[    3.685042] NET: Registered protocol family 10
[    3.687298] NET: Registered protocol family 17
[    3.698810] Key type dns_resolver registered
[    3.719945] registered taskstats version 1
[    3.724221] Loading compiled-in X.509 certificates
[    3.726983] Loaded X.509 cert 'Build time autogenerated kernel key: 4eb3d024ac16f76c1747ffd474694c84db21038b'
[    3.746388] zswap: loaded using pool lzo/zbud
[    3.763242] Key type trusted registered
[    3.774772] Key type encrypted registered
[    3.776290] AppArmor: AppArmor sha1 policy hashing enabled
[    3.779595] ima: No TPM chip found, activating TPM-bypass!
[    3.781503] ima: Allocated hash algorithm: sha1
[    3.792988] evm: HMAC attrs: 0x1
[    3.794876]   Magic number: 2:861:270
[    3.796690] rtc_cmos rtc_cmos: setting system clock to 2018-09-17 08:15:26 UTC (1537172126)
[    3.810412] BIOS EDD facility v0.16 2004-Jun-25, 0 devices found
[    3.849570] EDD information not available.
[    3.869760] Freeing unused kernel memory: 1516K
[    3.931260] Write protecting the kernel read-only data: 14336k
[    3.940303] Freeing unused kernel memory: 1672K
[    3.947976] Freeing unused kernel memory: 92K
Loading, please wait...
starting version[    4.006767] random: systemd-udevd: uninitialized urandom read (16 bytes read, 5 bits of entropy available)
 229
[    4.007816] random: udevadm: uninitialized urandom read (16 bytes read, 5 bits of entropy available)
[    4.007842] random: udevadm: uninitialized urandom read (16 bytes read, 5 bits of entropy available)
[    4.021955] random: udevadm: uninitialized urandom read (16 bytes read, 5 bits of entropy available)
[    4.022021] random: udevadm: uninitialized urandom read (16 bytes read, 5 bits of entropy available)
[    4.022219] random: udevadm: uninitialized urandom read (16 bytes read, 5 bits of entropy available)
[    4.022294] random: udevadm: uninitialized urandom read (16 bytes read, 5 bits of entropy available)
[    4.022363] random: udevadm: uninitialized urandom read (16 bytes read, 5 bits of entropy available)
[    4.022431] random: udevadm: uninitialized urandom read (16 bytes read, 5 bits of entropy available)
[    4.022498] random: udevadm: uninitialized urandom read (16 bytes read, 5 bits of entropy available)
[    4.243347] tsc: Refined TSC clocksource calibration: 1599.312 MHz
[    4.243351] clocksource: tsc: mask: 0xffffffffffffffff max_cycles: 0x170d9b0d26e, max_idle_ns: 440795271031 ns
[    4.343012] e1000: Intel(R) PRO/1000 Network Driver - version 7.3.21-k8-NAPI
[    4.352484] e1000: Copyright (c) 1999-2006 Intel Corporation.
[    4.376905] Fusion MPT base driver 3.04.20
[    4.378986] Copyright (c) 1999-2008 LSI Corporation
[    4.426238] AVX2 version of gcm_enc/dec engaged.
[    4.429906] AES CTR mode by8 optimization enabled
[    4.434749] Fusion MPT SPI Host driver 3.04.20
[    4.604102] input: ImExPS/2 Generic Explorer Mouse as /devices/platform/i8042/serio1/input/input4
[    4.846853] e1000 0000:00:03.0 eth0: (PCI:33MHz:32-bit) 02:1d:76:b3:3c:fe
[    4.855062] e1000 0000:00:03.0 eth0: Intel(R) PRO/1000 Network Connection
[    5.288590] e1000 0000:00:08.0 eth1: (PCI:33MHz:32-bit) 08:00:27:98:bb:55
[    5.296074] e1000 0000:00:08.0 eth1: Intel(R) PRO/1000 Network Connection
[    5.307902] e1000 0000:00:03.0 enp0s3: renamed from eth0
[    5.334681] mptbase: ioc0: Initiating bringup
[    5.360958] e1000 0000:00:08.0 enp0s8: renamed from eth1
[    5.417637] ioc0: LSI53C1030 A0: Capabilities={Initiator}
[    5.869499] scsi host2: ioc0: LSI53C1030 A0, FwRev=00000000h, Ports=1, MaxQ=256, IRQ=20
[    6.138780] scsi 2:0:0:0: Direct-Access     VBOX     HARDDISK         1.0  PQ: 0 ANSI: 5
[    6.147380] scsi target2:0:0: Beginning Domain Validation
[    6.162207] scsi target2:0:0: Domain Validation skipping write tests
[    6.186122] scsi target2:0:0: Ending Domain Validation
[    6.192466] scsi target2:0:0: asynchronous
[    6.194664] scsi 2:0:1:0: Direct-Access     VBOX     HARDDISK         1.0  PQ: 0 ANSI: 5
[    6.208551] scsi target2:0:1: Beginning Domain Validation
[    6.227502] scsi target2:0:1: Domain Validation skipping write tests
[    6.314654] scsi target2:0:1: Ending Domain Validation
[    6.317328] scsi target2:0:1: asynchronous
[    6.492458] sd 2:0:0:0: Attached scsi generic sg0 type 0
[    6.534905] sd 2:0:1:0: [sdb] 20480 512-byte logical blocks: (10.5 MB/10.0 MiB)
[    6.534983] sd 2:0:0:0: [sda] 20971520 512-byte logical blocks: (10.7 GB/10.0 GiB)
[    6.539481] sd 2:0:1:0: Attached scsi generic sg1 type 0
[    6.584053] sd 2:0:0:0: [sda] Write Protect is off
[    6.588512] sd 2:0:1:0: [sdb] Write Protect is off
[    6.588665] sd 2:0:1:0: [sdb] Incomplete mode parameter data
[    6.588668] sd 2:0:1:0: [sdb] Assuming drive cache: write through
[    6.603630] sd 2:0:1:0: [sdb] Attached SCSI disk
[    6.627572] sd 2:0:0:0: [sda] Incomplete mode parameter data
[    6.645333] sd 2:0:0:0: [sda] Assuming drive cache: write through
[    6.650701]  sda: sda1
[    6.654439] sd 2:0:0:0: [sda] Attached SCSI disk
Begin: Loading e[    8.086196] md: linear personality registered for level -1
ssential drivers ... [    8.110003] md: multipath personality registered for level -4
[    8.114552] md: raid0 personality registered for level 0
[    8.119738] md: raid1 personality registered for level 1
[    8.191234] raid6: sse2x1   gen()  7522 MB/s
[    8.263511] raid6: sse2x1   xor()  5901 MB/s
[    8.359667] raid6: sse2x2   gen()  9101 MB/s
[    8.443970] raid6: sse2x2   xor()  6080 MB/s
[    8.540488] raid6: sse2x4   gen() 10411 MB/s
[    8.607735] raid6: sse2x4   xor()  7282 MB/s
[    8.685168] raid6: avx2x1   gen() 16715 MB/s
[    8.783340] raid6: avx2x2   gen() 13900 MB/s
[    8.915237] raid6: avx2x4   gen() 18225 MB/s
[    8.943875] raid6: using algorithm avx2x4 gen() 18225 MB/s
[    8.945591] raid6: using avx2x2 recovery algorithm
[    9.019319] xor: automatically using best checksumming function:
[    9.071368]    avx       : 23444.000 MB/sec
[    9.093916] async_tx: api initialized (async)
[    9.108571] md: raid6 personality registered for level 6
[    9.110124] md: raid5 personality registered for level 5
[    9.140723] md: raid4 personality registered for level 4
[    9.174787] md: raid10 personality registered for level 10
done.
Begin: Running /scripts/init-premount ... done.
Begin: Mounting root file system ... Begin: Running /scripts/local-top ... done.
Begin: Running /scripts/local-premount ... [    9.314037] Btrfs loaded
Scanning for Btrfs filesystems
done.
Warning: fsck not present, so sk[    9.376052] EXT4-fs (sda1): mounted filesystem with ordered data mode. Opts: (null)
ipping root file system
done.
Begin: Running /scripts/local-bottom ... done.
Begin: Running /scripts/init-bottom ... done.
[    .5592]systmd1] sstmd 29 unning in system me. (+PAM +AUDIT+SELINUX +IMA +APPARMOR +SMACK +SYSVINIT +UTMP +LIBCRYPTSETUP +GCRYPT +GNUTLS+ACL +XZ -LZ4 +SECCOMPBLID +EFUIL +MO -IDN)

[   10.249953 sstemd[1]: Detected irtualization oracle.
[  1.3627] systemd[1]: Detected architecture x86-64.

Welcome to [1mUbuntu 16.04.5 LTS[0m!

[   10.597663] yste[1]: Set hostname to <ubutu.
[  10.76306 systemd[1]: Initializing machine ID from random generator.
[   10.856815] systemd[1]: Installed transient /etc/machine-id file.

[   11.578359] systemd[1]: Listening on LVM2 poll daemon socket.
[[0;32m  OK  [0m] Listening on LVM2 poll daemon socket.
[   11.606220] systemd[1]: Started Forward Paswrd Requests to Wall irtory Wch
[[0;32m  OK  [0m] Started Forward Password Requests to Wall Directory Watch.
[  11.868531] systmd1] Ceated slice System Slice.
[[0;32m  OK  [0m] Created slice System Slice.
[   1.263755] sstmd1] Listening on Journal Socket.
[[0;32m  OK  [0m] Listening on Journal Socket.
[   12.636131] systemd[1]: Mounting Huge Pages File System...
[   12.668220] random: nonblocking pool is initialized
         Mounting Huge Pages File System...
[   12.684673] systemd[1]: Starting Load Kernel Modules...
         Starting Load Kernel Modules...
[   12.707483] systemd[1]: Starting Nameserver information manager...
         Starting Nameserver information manager...
[   12.719806] Loading iSCSI transport class v2.0-870.
[   12.720531] systemd[1]: Mounting Debug File System...
         Mounting Debug File System...
[   12.779970] systemd[1]: Starting Remount Root and Kernel File Systems...
         Starting Remount Root and Kernel File Systems...
[   12.822382] systemd[1]: Listening on LVM2 metadata daemon socket.
[   12.829835] EXT4-fs (sda1): re-mounted. Opts: (null)
[[0;32m  OK  [0[   12.837375] iscsi: registered transport (tcp)
m] Listening on LVM2 metadata daemon socket.
[   12.868730] systemd[1]: Listening on /dev/initctl Compatibility Named Pipe.
[[0;32m  OK  [0m] Listening on /dev/initctl Compatibility Named Pipe.
[   12.900136] systemd[1]: Set up automount Arbitrary Executable File Formats File System Automount Point.
[[0;32m  OK  [0m] Set up automount Arbitrary Executab...ats File System Automount Point.
[   12.906586] systemd[1]: Reached target Swap.
[[0;32m  OK  [0m] Reached target Swap.
[   12.916239] systemd[1]: Created slice User and Session Slice.
[   12.936102] iscsi: registered transport (iser)
[[0;32m  OK  [0m] Created slice User and Session Slice.
[   12.960051] systemd[1]: Listening on Device-mapper event daemon FIFOs.
[[0;32m  OK  [0m] Listening on Device-mapper event daemon FIFOs.
[   13.019621] systemd[1]: Starting Monitoring of LVM2 mirrors, snapshots etc. using dmeventd or progress polling...
         Starting Monitoring of LVM2 mirrors... dmeventd or progress polling...
[   13.035193] systemd[1]: Created slice system-serial\x2dgetty.slice.
[[0;32m  OK  [0m] Created slice system-serial\x2dgetty.slice.
[   13.069221] systemd[1]: Reached target Slices.
[[0;32m  OK  [0m] Reached target Slices.
[   13.116038] systemd[1]: Mounting POSIX Message Queue File System...
         Mounting POSIX Message Queue File System...
[   13.135766] systemd[1]: Listening on udev Control Socket.
[[0;32m  OK  [0m] Listening on udev Control Socket.
[   13.187861] systemd[1]: Starting Create list of required static device nodes for the current kernel...
         Starting Create list of required st... nodes for the current kernel...
[   13.271942] systemd[1]: Listening on Syslog Socket.
[[0;32m  OK  [0m] Listening on Syslog Socket.
[   13.287550] systemd[1]: Listening on udev Kernel Socket.
[[0;32m  OK  [0m] Listening on udev Kernel Socket.
[   13.307800] systemd[1]: Started Trigger resolvconf update for networkd DNS.
[[0;32m  OK  [0m] Started Trigger resolvconf update for networkd DNS.
[   13.367934] systemd[1]: Reached target User and Group Name Lookups.
[[0;32m  OK  [0m] Reached target User and Group Name Lookups.
[   13.401375] systemd[1]: Reached target System Time Synchronized.
[[0;32m  OK  [0m] Reached target System Time Synchronized.
[   13.420172] systemd[1]: Listening on Journal Audit Socket.
[[0;32m  OK  [0m] Listening on Journal Audit Socket.
[   13.435897] systemd[1]: Reached target Encrypted Volumes.
[[0;32m  OK  [0m] Reached target Encrypted Volumes.
[   13.495904] systemd[1]: Starting Set console keymap...
         Starting Set console keymap...
[   13.516903] systemd[1]: Listening on Journal Socket (/dev/log).
[[0;32m  OK  [0m] Listening on Journal Socket (/dev/log).
[   13.552228] systemd[1]: Starting Journal Service...
         Starting Journal Service...
[   13.565518] systemd[1]: Starting Uncomplicated firewall...
         Starting Uncomplicated firewall...
[   13.585697] systemd[1]: Mounted Debug File System.
[[0;32m  OK  [0m] Mounted Debug File System.
[   13.631566] systemd[1]: Mounted Huge Pages File System.
[[0;32m  OK  [0m] Mounted Huge Pages File System.
[   13.649040] systemd[1]: Mounted POSIX Message Queue File System.
[[0;32m  OK  [0m] Mounted POSIX Message Queue File System.
[   13.727712] systemd[1]: Started Journal Service.
[[0;32m  OK  [0m] Started Journal Service.
[[0;32m  OK  [0m] Started Load Kernel Modules.
[[0;32m  OK  [0m] Started Remount Root and Kernel File Systems.
[[0;32m  OK  [0m] Started Create list of required sta...ce nodes for the current kernel.
[[0;32m  OK  [0m] Started Set console keymap.
[[0;32m  OK  [0m] Started Uncomplicated firewall.
[[0;32m  OK  [0m] Started Nameserver information manager.
[[0;32m  OK  [0m] Started LVM2 metadata daemon.
         Starting Create Static Device Nodes in /dev...
         Starting udev Coldplug all Devices...
         Starting Load/Save Random Seed...
         Mounting FUSE Control File System...
         Starting Apply Kernel Variables...
         Starting Flush Journal to Persistent Storage...
[[0;32m  OK  [0m] Mounted FUSE Control File System.
[[0;32m  OK  [0m] Started Create Static Device Nodes in /dev.
[[0;32m  OK  [0m] Started Monitoring of LVM2 mirrors,...ng dmeventd or progress polling.
[[0;32m  OK  [0m] Started Load/Save Random Seed.
[[0;32m  OK  [0m] Started Apply Kernel Variables.
[[0;32m  OK  [0m] Started udev Coldplug all Devices.
[[0;32m  OK  [0m] Started Flush Journal to Persistent Storage.
         Starting udev Kernel Device Manager...
[[0;32m  OK  [0m] Started udev Kernel Device Manager.
[[0;32m  OK  [0m] Reached target Local File Systems (Pre).
[[0;32m  OK  [0m] Reached target Local File Systems.
         Starting Initial cloud-init job (pre-networking)...
         Starting Create Volatile Files and Directories...
         Starting Commit a transient machine-id on disk...
         Starting Set console font and keymap...
         Starting Tell Plymouth To Write Out Runtime Data...
         Starting LSB: AppArmor initialization...
[[0;32m  OK  [0m] Started Dispatch Password Requests to Console Directory Watch.
[[0;32m  OK  [0m] Started Create Volatile Files and Directories.
[[0;32m  OK  [0m] Started Tell Plymouth To Write Out Runtime Data.
[[0;32m  OK  [0m] Started Commit a transient machine-id on disk.
         Starting Update UTMP about System Boot/Shutdown...
[[0;32m  OK  [0m] Started Update UTMP about System Boot/Shutdown.
[[0;32m  OK  [0m] Found device /dev/ttyS0.
[[0;32m  OK  [0m] Listening on Load/Save RF Kill Switch Status /dev/rfkill Watch.
[[0;32m  OK  [0m] Started Set console font and keymap.
[[0;32m  OK  [0m] Created slice system-getty.slice.
[[0;32m  OK  [0m] Started LSB: AppArmor initialization.
[   14.659967] cloud-init[475]: Cloud-init v. 18.3-9-g2e62cb8a-0ubuntu1~16.04.2 running 'init-local' at Mon, 17 Sep 2018 08:15:38 +0000. Up 14.21 seconds.
[[0;32m  OK  [0m] Started Initial cloud-init job (pre-networking).
[[0;32m  OK  [0m] Reached target Network (Pre).
         Starting Raise network interfaces...
[[0;32m  OK  [0m] Started Raise network interfaces.
         Starting Initial cloud-init job (metadata service crawler)...
[[0;32m  OK  [0m] Reached target Network.
[   16.899767] cloud-init[930]: Cloud-init v. 18.3-9-g2e62cb8a-0ubuntu1~16.04.2 running 'init' at Mon, 17 Sep 2018 08:15:39 +0000. Up 15.43 seconds.
[   16.934310] cloud-init[930]: ci-info: ++++++++++++++++++++++++++++++++++++++Net device info+++++++++++++++++++++++++++++++++++++++
[   16.961023] cloud-init[930]: ci-info: +--------+-------+----------------------------+---------------+--------+-------------------+
[   16.992619] cloud-init[930]: ci-info: | Device |   Up  |          Address           |      Mask     | Scope  |     Hw-Address    |
[   17.009382] cloud-init[930]: ci-info: +--------+-------+----------------------------+---------------+--------+-------------------+
[[0;32m  OK  [0m] Started Initial cloud-init job (metadata service crawler).
[[0;32m  OK  [0m] Reached target Cloud-config availability.
[[0;32m  OK  [0m] Reached target System Initialization.
[[0;32m  OK  [0m] Started Daily apt download activities.
[[0;32m  OK  [0m] Started Daily apt upgrade and clean activities.
[[0;32m  OK  [0m] Listening on D-Bus System Message Bus Socket.
[[0;32m  OK  [0m] Listening on UUID daemon activation socket.
[[0;32m  OK  [0m] Started Daily Cleanup of Temporary Directories.
[[0;32m  OK  [0m] Reached target Timers.
[   17.014947] cloud-init[930]: ci-info: | enp0s3 |  True |         10.0.2.15          | 255.255.255.0 | global | 02:1d:76:b3:3c:fe |
[[0;32m  OK  [0m] Started ACPI Events Check.
[[0;32m  OK  [0m] Reached target Paths.
[   17.145302] cloud-init[930]: ci-info: | enp0s3 |  True | fe80::1d:76ff:feb3:3cfe/64 |       .       |  link  | 02:1d:76:b3:3c:fe |
[   17.264984] cloud-init[930]: ci-info: | enp0s8 | False |             .              |       .       |   .    | 08:00:27:98:bb:55 |
[   17.343631] cloud-init[930]: ci-info: |   lo   |  True |         127.0.0.1          |   255.0.0.0   |  host  |         .         |
         Starting LXD - unix socket.
[   17.344922] cloud-init[930]: ci-info: |   lo   |  True |          ::1/128           |       .       |  host  |         .         |
[   17.345032] cloud-init[930]: ci-info: +--------+-------+----------------------------+---------------+--------+-------------------+
[   17.509339]          cloud-initStarting Socket activation for snappy daemon.[930]: 
ci-info: +++++++++++++++++++++++++++Route IPv4 info++++++++++++++++++++++++++++
[   17.554573] [[0;32m  OK  [0m] Listening on ACPID Listen Socket.
cloud-init[930]: [[0;32m  OK  [0m] Reached target Network is Online.
ci-info: +-------+-------------+----------+---------------+-----------+-------+
[   17.571622] cloud-init[930]: ci-info: | Route | Destination | Gateway  |    Genmask    | Interface | Flags |
[   17.582029]          cloud-initStarting iSCSI initiator daemon (iscsid)...[930]: 
ci-info: +-------+-------------+----------+---------------+-----------+-------+
[   17.609819] [cloud-init[0;32m  OK  [0m[930]: ] ci-info: |   0   |   0.0.0.0   | 10.0.2.2 |    0.0.0.0    |   enp0s3  |   UG  |Listening on LXD - unix socket.

[   17.611177] cloud-init[930]: ci-info: |   1   |   10.0.2.0  | 0.0.0.0  | 255.255.255.0 |   enp0s3  |   U   |
[   17.660545] [[0;32m  OK  [0m] Listening on Socket activation for snappy daemon.
cloud-init[930]: ci-info: +-------+-------------+----------+---------------+-----------+-------+
[   17.693331] [cloud-init[0;32m  OK  [0m[930]: ] ci-info: +++++++++++++++++++Route IPv6 info+++++++++++++++++++Started iSCSI initiator daemon (iscsid).

[   17.693993] cloud-init[930]: ci-info: +-------+-------------+---------+-----------+-------+
[   17.761693] cloud-init[930]: ci-info: | Route | Destination | Gateway | Interface | Flags |
         Starting Login to default iSCSI targets...
[   17.787483] [cloud-init[0;32m  OK  [0m[930]: ] ci-info: +-------+-------------+---------+-----------+-------+Reached target Sockets.

[   17.802372] [cloud-init[0;32m  OK  [0m[930]: ] ci-info: |   0   |  fe80::/64  |    ::   |   enp0s3  |   U   |Reached target Basic System.

         Starting Virtualbox guest utils...
[   17.943945] cloud-init[930]: ci-info: |   3   |   ff00::/8  |    ::   |   enp0s3  |   U   |
[   17.973878] cloud-init[930]: ci-info: +-------+-------------+---------+-----------+-------+
[   17.987677] cloud-init[930]: Generating public/private rsa key pair.
[   18.008807] cloud-init[930]: Your identification has been saved in /etc/ssh/ssh_host_rsa_key.
         Starting /etc/rc.local Compatibility...
[   18.010214] cloud-init[930]: Your public key has been saved in /etc/ssh/ssh_host_rsa_key.pub.
[   18.031506] cloud-init[930]: The key fingerprint is:
[   18.038171] cloud-init[930]: SHA256:StGLWOIGI2bKIdGwbCMjKc8KyLUwWbgyo3/5fsAmVNk root@ubuntu-xenial
[[0;32m  OK  [0m] Started Regular background program processing daemon.
[   18.056596] cloud-init[930]: The key's randomart image is:
         Starting System Logging Service...
[   18.073405] cloud-init[930]: +---[RSA 2048]----+
[[   18.082393] cloud-init[930]: |oo..   o         |
[   18.083888] cloud-init[930]: |.=+   o.E        |
[0;32m  OK  [0m] Started ACPI event daemon.
[   18.085423] cloud-init[930]: |X@+...o .        |
[   18.117208] cloud-init[930]: |^**+o+ o .       |
[   18.126776] cloud-init[930]: |*=oo+.o S        |
[   18.129420] cloud-init[930]: |o. ...+.         |
[   18.131290] cloud-init[930]: |..   +..         |
[   18.134152] cloud-init[930]: |  . o   .        |
[   18.134885] cloud-init[930]: |   . oo.         |
[[0;32m  OK  [0m] Started D-Bus System Message Bus.
[   18.135815] cloud-init[930]: +----[SHA256]-----+
[   18.162179] cloud-init[930]: Generating public/private dsa key pair.
[   18.176932] cloud-init[930]: Your identification has been saved in /etc/ssh/ssh_host_dsa_key.
[[0;32m  OK  [0m] Started Unattended Upgrades Shutdown.
[   18.247288] cloud-init[930]: Your public key has been saved in /etc/ssh/ssh_host_dsa_key.pub.
         Starting Pollinate to seed the pseudo random number generator...
         Starting Login Service...
[[0;32m  OK  [0m] Started Deferred execution scheduler.
[   18.323886] cloud-init[930]: The key fingerprint is:
[   18.358183] cloud-init[930]: SHA256:zEB1FslPTVqBlfsVtrKhNlno8E1wqWI6yOcqkx3eRnE root@ubuntu-xenial
[   18.374878] cloud-init[930]: The key's randomart image is:
[   18.376082] cloud-init[930]: +---[DSA 1024]----+
[   18.377109] cloud-init[930]: |      ....+o =*o |
[   18.377558] cloud-init[930]: |     .   oo.o=oo |
[   18.377779] cloud-init[930]: |      .    o* ..o|
[   18.377994] cloud-init[930]: |       = E o.=...|
[   18.378251] cloud-init[930]: |    . . S = * +..|
[[0;32m  OK  [0m] Started FUSE filesystem for LXC.
[   18.378716] cloud-init[930]: |     + =   B o  .|
[   18.402723] cloud-init[930]: |    + * . . .    |
[   18.407047] cloud-init[930]: |   + o +         |
[   18.410829] cloud-init[930]: |    o.o          |
[   18.414829] cloud-init[930]: +----[SHA256]-----+
         Starting Accounts Service...
         Starting LSB: MD monitoring daemon...
         Starting LSB: Record successful boot for GRUB...
         Starting Snappy daemon...
[   18.419483] cloud-init[930]: Generating public/private ecdsa key pair.
         Starting LXD - container startup/shutdown...
[   18.689332] cloud-init[930]: Your identification has been saved in /etc/ssh/ssh_host_ecdsa_key.
[   18.805147] cloud-init[930]: Your public key has been saved in /etc/ssh/ssh_host_ecdsa_key.pub.
[   18.805791] cloud-init[930]: The key fingerprint is:
[[0;32m  OK  [0m] Started System Logging Service.
[   18.806018] cloud-init[930]: SHA256:uloT7vDkbWAG7UosOmQbz6sXQ3Ddb49DWTufpBediSM root@ubuntu-xenial
[   18.842940] cloud-init[930]: The key's randomart image is:
[   18.843664] cloud-init[930]: +---[ECDSA 256]---+
[[0;32m  OK  [0m] Started /etc/rc.local Compatibility.
[   18.844885] [[0;32m  OK  [0m] Started LXD - container startup/shutdown.
cloud-init[930]: |    . .          |
[   18.882337] cloud-init[930]: | . . . .   .     |
[   18.888736] cloud-init[930]: |  o  .  . o . o o|
[   18.903140] cloud-init[930]: |   .. .  = E = + |
[   18.909854] cloud-init[930]: |  .. o. S o * +  |
[   18.941821] cloud-init[930]: | +.oo.=o o o +   |
[   18.942422] cloud-init[930]: |o.=o++*.  . .    |
[   18.945851] cloud-init[930]: |o. +.B +.        |
[   18.947258] cloud-init[930]: | oo.o.=..        |
[   18.947403] cloud-init[930]: +----[SHA256]-----+
[[0;32m  OK  [0m] Started Snappy daemon.
[   18.949228] cloud-init[930]: Generating public/private ed25519 key pair.
[   18.992741] cloud-init[930]: Your identification has been saved in /etc/ssh/ssh_host_ed25519_key.
[   19.013650] cloud-init[930]: Your public key has been saved in /etc/ssh/ssh_host_ed25519_key.pub.
[[0;32m  OK  [0m] Started Login to default iSCSI targets.
[   19.030449] cloud-init[930]: The key fingerprint is:
[   19.062083] cloud-init[930]: SHA256:VBOTAV6lQNW+Apzr81mO0HWI+5c7nNPdtD3T1CO8q3M root@ubuntu-xenial
[   19.065309] cloud-init[930]: The key's randomart image is:
[   19.073089] cloud-init[930]: +--[ED25519 256]--+
[   19.083611] cloud-init[930]: |       .+oO*.    |
[   19.091201] cloud-init[930]: |       . +.+.    |
[   19.105151] cloud-init[930]: |       .o...     |
[   19.109206] cloud-init[930]: |       .+  ...   |
[   19.125883] cloud-init[930]: |        So. +.. .|
[   19.141341] cloud-init[930]: |        ...o.+ .+|
[   19.148494] cloud-init[930]: |       .. o...o*B|
[   19.163149] cloud-init[930]: |        o. B EB+*|
[[0;32m  OK  [0m] Started Login Service.
[   19.179515] cloud-init[930]: |         o+.*oo+o|
[   19.208789]          cloud-initStarting Authenticate and Authorize Users to Run Privileged Tasks...[930]: 
+----[SHA256]-----+
[[0;32m  OK  [0m] Reached target Remote File Systems (Pre).
[[0;32m  OK  [0m] Reached target Remote File Systems.
         Starting LSB: Set the CPU Frequency Scaling governor to "ondemand"...
         Starting LSB: automatic crash report generation...
         Starting Permit User Sessions...
         Starting LSB: daemon to balance interrupts for SMP systems...
         Starting Wait until snapd is fully seeded...
[[0;32m  OK  [0m] Started Virtualbox guest utils.
[[0;32m  OK  [0m] Started Pollinate to seed the pseudo random number generator.
[[0;32m  OK  [0m] Started LSB: MD monitoring daemon.
[[0;32m  OK  [0m] Started LSB: Record successful boot for GRUB.
[[0;32m  OK  [0m] Started Permit User Sessions.
[[0;32m  OK  [0m] Started Authenticate and Authorize Users to Run Privileged Tasks.
[[0;32m  OK  [0m] Started Accounts Service.
[[0;32m  OK  [0m] Started LSB: Set the CPU Frequency Scaling governor to "ondemand".
         Starting Hold until boot process finishes up...
         Starting Terminate Plymouth Boot Screen...
         Starting OpenBSD Secure Shell server...
[[0;32m  OK  [0m] Started LSB: automatic crash report generation.
[[0;32m  OK  [0m] Started LSB: daemon to balance interrupts for SMP systems.
[[0;32m  OK  [0m] Started Hold until boot process finishes up.
[[0;32m  OK  [0m] Started Terminate Plymouth Boot Screen.
[[0;32m  OK  [0m] Started OpenBSD Secure Shell server.
[[0;32m  OK  [0m] Started Serial Getty on ttyS0.
         Starting Set console scheme...
[[0;32m  OK  [0m] Started Getty on tty1.
[[0;32m  OK  [0m] Reached target Login Prompts.
[[0;32m  OK  [0m] Started Set console scheme.
[[0;32m  OK  [0m] Created slice User Slice of vagrant.
         Starting User Manager for UID 1000...
[[0;32m  OK  [0m] Started Session 1 of user vagrant.
[[0;32m  OK  [0m] Started User Manager for UID 1000.
[[0;32m  OK  [0m] Started Wait until snapd is fully seeded.
[[0;32m  OK  [0m] Reached target Multi-User System.
[[0;32m  OK  [0m] Reached target Graphical Interface.
         Starting Update UTMP about System Runlevel Changes...
         Starting Apply the settings specified in cloud-config...
[[0;32m  OK  [0m] Started Update UTMP about System Runlevel Changes.
         Stopping User Manager for UID 1000...
[[0;32m  OK  [0m] Stopped User Manager for UID 1000.
[[0;32m  OK  [0m] Removed slice User Slice of vagrant.
[[0;32m  OK  [0m] Created slice User Slice of vagrant.
         Starting User Manager for UID 1000...
[[0;32m  OK  [0m] Started Session 2 of user vagrant.
[[0;32m  OK  [0m] Started User Manager for UID 1000.
[   22.422309] cloud-init[1436]: Generating locales (this might take a while)...
[   23.718338] cloud-init[1436]:   en_US.UTF-8... done
[   23.736817] cloud-init[1436]: Generation complete.
[   24.338858] cloud-init[1436]: Cloud-init v. 18.3-9-g2e62cb8a-0ubuntu1~16.04.2 running 'modules:config' at Mon, 17 Sep 2018 08:15:46 +0000. Up 22.18 seconds.
[[0;32m  OK  [0m] Started Apply the settings specified in cloud-config.
         Starting Execute cloud user/final scripts...
ci-info: no authorized ssh keys fingerprints found for user ubuntu.
<14>Sep 17 08:15:49 ec2: 
<14>Sep 17 08:15:49 ec2: #############################################################
<14>Sep 17 08:15:49 ec2: -----BEGIN SSH HOST KEY FINGERPRINTS-----
<14>Sep 17 08:15:49 ec2: 1024 SHA256:zEB1FslPTVqBlfsVtrKhNlno8E1wqWI6yOcqkx3eRnE root@ubuntu-xenial (DSA)
<14>Sep 17 08:15:49 ec2: 256 SHA256:uloT7vDkbWAG7UosOmQbz6sXQ3Ddb49DWTufpBediSM root@ubuntu-xenial (ECDSA)
<14>Sep 17 08:15:49 ec2: 256 SHA256:VBOTAV6lQNW+Apzr81mO0HWI+5c7nNPdtD3T1CO8q3M root@ubuntu-xenial (ED25519)
<14>Sep 17 08:15:49 ec2: 2048 SHA256:StGLWOIGI2bKIdGwbCMjKc8KyLUwWbgyo3/5fsAmVNk root@ubuntu-xenial (RSA)
<14>Sep 17 08:15:49 ec2: -----END SSH HOST KEY FINGERPRINTS-----
<14>Sep 17 08:15:49 ec2: #############################################################
-----BEGIN SSH HOST KEY KEYS-----
ecdsa-sha2-nistp256 AAAAE2VjZHNhLXNoYTItbmlzdHAyNTYAAAAIbmlzdHAyNTYAAABBBLsxdwDnVoUv6UXcjFTYCWkuY7hLQqZiuUS2PLnnRYETJA8kb+4/VcfY7NiFeTXowIGhsSX/DMED0fSRFV8r52E= root@ubuntu-xenial
ssh-ed25519 AAAAC3NzaC1lZDI1NTE5AAAAIKVZF31P0STeQz7TwkTpQInlC+NRC5V1ukMyiVg7uWbZ root@ubuntu-xenial
ssh-rsa AAAAB3NzaC1yc2EAAAADAQABAAABAQCmEokNuGvOqL0S8zK9ximcJ8qXuSpFrlXQW/iTpyNJWv1mcEquqX40FX7cydajdkhyjG86V+jicBbjqX2pya58SB68rtjFwr6RQGzSuJixkOxnRN+fjZYvc7EVzYbxOx0+9kJ/yqwzs/kaUxSOa+2q2Uoo3vfbj8sVPdU7W7elV4JYiHUPi/gn4rC2M3d3zMU6cPwwGYBDemoXTRJsMNm96ABpkJAvWHEEKUD/irfV34E+b0gCQWpK3of1BquZNesE9jnL4hhi8fa99+cxJyB4+ZZ8E01MKA8ptQ/oVQXRfg7BAWGquB4Lbq8FPZX4SDrPWoSUJFcwxCMOZhEnj0GH root@ubuntu-xenial
-----END SSH HOST KEY KEYS-----
[   25.219146] cloud-init[1803]: Cloud-init v. 18.3-9-g2e62cb8a-0ubuntu1~16.04.2 running 'modules:final' at Mon, 17 Sep 2018 08:15:49 +0000. Up 24.93 seconds.
[   25.219608] cloud-init[1803]: ci-info: no authorized ssh keys fingerprints found for user ubuntu.
[   25.219783] cloud-init[1803]: Cloud-init v. 18.3-9-g2e62cb8a-0ubuntu1~16.04.2 finished at Mon, 17 Sep 2018 08:15:49 +0000. Datasource DataSourceNoCloud [seed=/dev/sdb][dsmode=net].  Up 25.19 seconds

Ubuntu 16.04.5 LTS ubuntu-xenial ttyS0

ubuntu-xenial login: 